Unity Editor version:    2020.3.29f1 (2ff179115da0)
Branch:                  2020.3/staging
Build type:              Release
Batch mode:              YES
macOS version:           Version 12.0.1 (Build 21A559)
Darwin version:          21.1.0
Architecture:            x86_64
Running under Rosetta:   YES
Available memory:        8192 MB
Using pre-set license
Pro License: NO

COMMAND LINE ARGUMENTS:
/Applications/Unity/Hub/Editor/2020.3.29f1/Unity.app/Contents/MacOS/Unity
-adb2
-batchMode
-noUpm
-name
AssetImportWorker0
-projectPath
/Users/monkhub/Desktop/GitHub/Bump-n-Boop
-logFile
Logs/AssetImportWorker0.log
-srvPort
52427
Successfully changed project path to: /Users/monkhub/Desktop/GitHub/Bump-n-Boop
/Users/monkhub/Desktop/GitHub/Bump-n-Boop
Using Asset Import Pipeline V2.
Refreshing native plugins compatible for Editor in 131.62 ms, found 2 plugins.
Preloading 0 native plugins for Editor in 0.00 ms.
Initialize engine version: 2020.3.29f1 (2ff179115da0)
[Subsystems] Discovering subsystems at path /Applications/Unity/Hub/Editor/2020.3.29f1/Unity.app/Contents/Resources/UnitySubsystems
[Subsystems] Discovering subsystems at path /Users/monkhub/Desktop/GitHub/Bump-n-Boop/Assets
GfxDevice: creating device client; threaded=0
2022-10-09 04:20:31.847 Unity[18723:3768851] (null) preferred device: Apple M1 (high power)
2022-10-09 04:20:31.847 Unity[18723:3768851] Metal devices available: 1
2022-10-09 04:20:31.847 Unity[18723:3768851] 0: Apple M1 (high power)
2022-10-09 04:20:31.848 Unity[18723:3768851] Using device Apple M1 (high power)
Initializing Metal device caps: Apple M1
Initialize mono
Mono path[0] = '/Applications/Unity/Hub/Editor/2020.3.29f1/Unity.app/Contents/Managed'
Mono path[1] = '/Applications/Unity/Hub/Editor/2020.3.29f1/Unity.app/Contents/MonoBleedingEdge/lib/mono/unityjit'
Mono config path = '/Applications/Unity/Hub/Editor/2020.3.29f1/Unity.app/Contents/MonoBleedingEdge/etc'
Using monoOptions --debugger-agent=transport=dt_socket,embedding=1,server=y,suspend=n,address=127.0.0.1:56723
Begin MonoManager ReloadAssembly
Registering precompiled unity dll's ...
Register platform support module: /Applications/Unity/Hub/Editor/2020.3.29f1/PlaybackEngines/WebGLSupport/UnityEditor.WebGL.Extensions.dll
Register platform support module: /Applications/Unity/Hub/Editor/2020.3.29f1/Unity.app/Contents/PlaybackEngines/MacStandaloneSupport/UnityEditor.OSXStandalone.Extensions.dll
Registered in 0.001945 seconds.
Native extension for OSXStandalone target not found
Native extension for WebGL target not found
Refreshing native plugins compatible for Editor in 50.13 ms, found 2 plugins.
Preloading 0 native plugins for Editor in 0.00 ms.
Mono: successfully reloaded assembly
- Completed reload, in  1.164 seconds
Domain Reload Profiling:
	ReloadAssembly (1164ms)
		BeginReloadAssembly (109ms)
			ExecutionOrderSort (0ms)
			DisableScriptedObjects (0ms)
			BackupInstance (0ms)
			ReleaseScriptingObjects (0ms)
			CreateAndSetChildDomain (3ms)
		EndReloadAssembly (940ms)
			LoadAssemblies (108ms)
			RebuildTransferFunctionScriptingTraits (0ms)
			SetupTypeCache (172ms)
			ReleaseScriptCaches (0ms)
			RebuildScriptCaches (38ms)
			SetupLoadedEditorAssemblies (471ms)
				LogAssemblyErrors (0ms)
				InitializePlatformSupportModulesInManaged (11ms)
				SetLoadedEditorAssemblies (0ms)
				RefreshPlugins (50ms)
				BeforeProcessingInitializeOnLoad (66ms)
				ProcessInitializeOnLoadAttributes (254ms)
				ProcessInitializeOnLoadMethodAttributes (84ms)
				AfterProcessingInitializeOnLoad (0ms)
				EditorAssembliesLoaded (4ms)
			ExecutionOrderSort2 (0ms)
			AwakeInstancesAfterBackupRestoration (0ms)
Platform modules already initialized, skipping
Registering precompiled user dll's ...
Registered in 0.010331 seconds.
Begin MonoManager ReloadAssembly
Native extension for OSXStandalone target not found
Native extension for WebGL target not found
Refreshing native plugins compatible for Editor in 1.08 ms, found 2 plugins.
Preloading 0 native plugins for Editor in 0.00 ms.
Mono: successfully reloaded assembly
- Completed reload, in  2.147 seconds
Domain Reload Profiling:
	ReloadAssembly (2150ms)
		BeginReloadAssembly (215ms)
			ExecutionOrderSort (0ms)
			DisableScriptedObjects (28ms)
			BackupInstance (0ms)
			ReleaseScriptingObjects (0ms)
			CreateAndSetChildDomain (30ms)
		EndReloadAssembly (1848ms)
			LoadAssemblies (170ms)
			RebuildTransferFunctionScriptingTraits (0ms)
			SetupTypeCache (355ms)
			ReleaseScriptCaches (1ms)
			RebuildScriptCaches (58ms)
			SetupLoadedEditorAssemblies (1056ms)
				LogAssemblyErrors (0ms)
				InitializePlatformSupportModulesInManaged (14ms)
				SetLoadedEditorAssemblies (1ms)
				RefreshPlugins (1ms)
				BeforeProcessingInitializeOnLoad (186ms)
				ProcessInitializeOnLoadAttributes (742ms)
				ProcessInitializeOnLoadMethodAttributes (111ms)
				AfterProcessingInitializeOnLoad (1ms)
				EditorAssembliesLoaded (0ms)
			ExecutionOrderSort2 (0ms)
			AwakeInstancesAfterBackupRestoration (27ms)
Platform modules already initialized, skipping
Validating Project structure ... 0.004791 seconds.
Shader import version has changed; will reimport all shaders...
Upgrading shader files ...0.013477 seconds.
Application.AssetDatabase Initial Script Refresh Start
RefreshInfo: InitialScriptRefreshV2(NoUpdateAssetOptions) scanfilter:  ... 1 filters
RefreshProfiler: Total: 0.000ms
Application.AssetDatabase Initial Script Refresh End
Application.AssetDatabase.Refresh Start
Application.AssetDatabase.Refresh End
RefreshInfo: StopAssetImportingV2(ForceSynchronousImport) scanfilter: 
RefreshProfiler: Total: 0.000ms
Launching external process: /Applications/Unity/Hub/Editor/2020.3.29f1/Unity.app/Contents/Tools/UnityShaderCompiler
Launched and connected shader compiler UnityShaderCompiler after 0.17 seconds
Initializing Unity extensions:
2022-10-09 04:20:36.752 Unity[18723:3768851] NSEventModifierFlagFunction specified to -setKeyEquivalentModifierMask: for item <NSMenuItem: 0x6000037c7db0 Font Asset, ke='Command-F12'>, but is only supported for system-provided menu items; will not be used
2022-10-09 04:20:36.756 Unity[18723:3768851] NSEventModifierFlagFunction specified to -setKeyEquivalentModifierMask: for item <NSMenuItem: 0x600003738d90 Font Asset, ke='Command-F12'>, but is only supported for system-provided menu items; will not be used
========================================================================
Worker process is ready to serve import requests
Refreshing native plugins compatible for Editor in 0.99 ms, found 2 plugins.
Preloading 0 native plugins for Editor in 0.00 ms.
Unloading 2635 Unused Serialized files (Serialized files now loaded: 0)
System memory in use before: 257.7 MB.
System memory in use after: 257.0 MB.

Unloading 256 unused Assets to reduce memory usage. Loaded Objects now: 3022.
Total: 6.036625 ms (FindLiveObjects: 0.147625 ms CreateObjectMapping: 0.060917 ms MarkObjects: 5.335625 ms  DeleteObjects: 0.491125 ms)

AssetImportParameters requested are different than current active one (requested -> active):
  custom:video-decoder-ogg-theora: a1e56fd34408186e4bbccfd4996cb3dc -> 
  custom:container-muxer-webm: aa71ff27fc2769a1b78a27578f13a17b -> 
  custom:container-demuxer-webm: 4f35f7cbe854078d1ac9338744f61a02 -> 
  custom:container-demuxer-ogg: 62fdf1f143b41e24485cea50d1cbac27 -> 
  custom:video-encoder-webm-vp8: eb34c28f22e8b96e1ab97ce403110664 -> 
  custom:framework-osx-AVFoundation: e770b220cccbd017edd2c1fefb359320 -> 
  custom:video-decoder-webm-vp8: 9c59270c3fd7afecdb556c50c9e8de78 -> 
  custom:audio-decoder-ogg-vorbis: bf7c407c2cedff20999df2af8eb42d56 -> 
  custom:audio-encoder-webm-vorbis: bf7c407c2cedff20999df2af8eb42d56 -> 
========================================================================
Received Import Request.
  path: Assets/BumpNBoop/UI/Instruction_2_BUMP'N BOOP copy.tif
  artifactKey: Guid(09ba54d9f34954fd09323b39320c26dc) Importer(815301076,1909f56bfc062723c751e8b465ee728b)
Start importing Assets/BumpNBoop/UI/Instruction_2_BUMP'N BOOP copy.tif using Guid(09ba54d9f34954fd09323b39320c26dc) Importer(815301076,1909f56bfc062723c751e8b465ee728b)  -> (artifact id: '19f3ad8138a44c966bd8acb6dd43e8de') in 0.598381 seconds 
  Import took 0.604822 seconds .

========================================================================
Received Import Request.
  Time since last request: 0.000241 seconds.
  path: Assets/BumpNBoop/UI/Instruction_3_ copy 2.tif
  artifactKey: Guid(8e3a87de8dcf04b2cba441a1bf2419c8) Importer(815301076,1909f56bfc062723c751e8b465ee728b)
Start importing Assets/BumpNBoop/UI/Instruction_3_ copy 2.tif using Guid(8e3a87de8dcf04b2cba441a1bf2419c8) Importer(815301076,1909f56bfc062723c751e8b465ee728b)  -> (artifact id: 'b971c5dd2239c9f07ddee16a0f1572f2') in 0.022428 seconds 
  Import took 0.025466 seconds .

========================================================================
Received Import Request.
  Time since last request: 1.599360 seconds.
  path: Assets/BumpNBoop/UI/Instruction_2_BUMP'N BOOP copy.tif
  artifactKey: Guid(09ba54d9f34954fd09323b39320c26dc) Importer(815301076,1909f56bfc062723c751e8b465ee728b)
Start importing Assets/BumpNBoop/UI/Instruction_2_BUMP'N BOOP copy.tif using Guid(09ba54d9f34954fd09323b39320c26dc) Importer(815301076,1909f56bfc062723c751e8b465ee728b)  -> (artifact id: '5f314aec3fe9e3b2a4eca94086dd2fa6') in 0.060648 seconds 
  Import took 0.063885 seconds .

========================================================================
Received Import Request.
  Time since last request: 8.019116 seconds.
  path: Assets/BumpNBoop/UI/Instruction_3_ copy 2.tif
  artifactKey: Guid(8e3a87de8dcf04b2cba441a1bf2419c8) Importer(815301076,1909f56bfc062723c751e8b465ee728b)
Start importing Assets/BumpNBoop/UI/Instruction_3_ copy 2.tif using Guid(8e3a87de8dcf04b2cba441a1bf2419c8) Importer(815301076,1909f56bfc062723c751e8b465ee728b)  -> (artifact id: '20a4b8ca6be9d049dab657080c18606d') in 0.016463 seconds 
  Import took 0.019685 seconds .

========================================================================
Received Import Request.
  Time since last request: 47.947652 seconds.
  path: Assets/BumpNBoop/UI/Instruction_2 copy.tif
  artifactKey: Guid(09ba54d9f34954fd09323b39320c26dc) Importer(815301076,1909f56bfc062723c751e8b465ee728b)
Start importing Assets/BumpNBoop/UI/Instruction_2 copy.tif using Guid(09ba54d9f34954fd09323b39320c26dc) Importer(815301076,1909f56bfc062723c751e8b465ee728b)  -> (artifact id: '7e2ed39077f02d2a748581562ae03d4c') in 0.015333 seconds 
  Import took 0.018828 seconds .

========================================================================
Received Prepare
Registering precompiled user dll's ...
Registered in 0.009844 seconds.
Begin MonoManager ReloadAssembly
Native extension for OSXStandalone target not found
Native extension for WebGL target not found
Refreshing native plugins compatible for Editor in 1.19 ms, found 2 plugins.
Preloading 0 native plugins for Editor in 0.00 ms.
2022-10-09 04:27:46.671 Unity[18723:3768851] NSEventModifierFlagFunction specified to -setKeyEquivalentModifierMask: for item <NSMenuItem: 0x6000037d0a10 Font Asset, ke='Command-F12'>, but is only supported for system-provided menu items; will not be used
Mono: successfully reloaded assembly
- Completed reload, in  2.205 seconds
Domain Reload Profiling:
	ReloadAssembly (2214ms)
		BeginReloadAssembly (231ms)
			ExecutionOrderSort (0ms)
			DisableScriptedObjects (32ms)
			BackupInstance (0ms)
			ReleaseScriptingObjects (0ms)
			CreateAndSetChildDomain (82ms)
		EndReloadAssembly (1895ms)
			LoadAssemblies (200ms)
			RebuildTransferFunctionScriptingTraits (0ms)
			SetupTypeCache (347ms)
			ReleaseScriptCaches (1ms)
			RebuildScriptCaches (53ms)
			SetupLoadedEditorAssemblies (1076ms)
				LogAssemblyErrors (0ms)
				InitializePlatformSupportModulesInManaged (16ms)
				SetLoadedEditorAssemblies (2ms)
				RefreshPlugins (1ms)
				BeforeProcessingInitializeOnLoad (246ms)
				ProcessInitializeOnLoadAttributes (703ms)
				ProcessInitializeOnLoadMethodAttributes (107ms)
				AfterProcessingInitializeOnLoad (1ms)
				EditorAssembliesLoaded (0ms)
			ExecutionOrderSort2 (0ms)
			AwakeInstancesAfterBackupRestoration (31ms)
Platform modules already initialized, skipping
Switching build target platform(2) subTarget(0) extendedPlatform(0) -> platform(13) subTarget(589824) extendedPlatform(0)
Refreshing native plugins compatible for Editor in 1.04 ms, found 2 plugins.
Preloading 0 native plugins for Editor in 0.00 ms.
Unloading 2619 Unused Serialized files (Serialized files now loaded: 0)
System memory in use before: 258.1 MB.
System memory in use after: 258.4 MB.

Unloading 128 unused Assets to reduce memory usage. Loaded Objects now: 3030.
Total: 4.557250 ms (FindLiveObjects: 0.124083 ms CreateObjectMapping: 0.051750 ms MarkObjects: 4.342625 ms  DeleteObjects: 0.038000 ms)

AssetImportParameters requested are different than current active one (requested -> active):
  custom:video-decoder-ogg-theora: a1e56fd34408186e4bbccfd4996cb3dc -> 
  custom:container-muxer-webm: aa71ff27fc2769a1b78a27578f13a17b -> 
  custom:container-demuxer-webm: 4f35f7cbe854078d1ac9338744f61a02 -> 
  custom:container-demuxer-ogg: 62fdf1f143b41e24485cea50d1cbac27 -> 
  custom:video-encoder-webm-vp8: eb34c28f22e8b96e1ab97ce403110664 -> 
  custom:framework-osx-AVFoundation: e770b220cccbd017edd2c1fefb359320 -> 
  custom:video-decoder-webm-vp8: 9c59270c3fd7afecdb556c50c9e8de78 -> 
  custom:graphics/normal-map-encoding: 01000000000000000000000000000000 -> 02000000000000000000000000000000
  custom:audio-decoder-ogg-vorbis: bf7c407c2cedff20999df2af8eb42d56 -> 
  custom:audio-encoder-webm-vorbis: bf7c407c2cedff20999df2af8eb42d56 -> 
========================================================================
Received Import Request.
  Time since last request: 465.061518 seconds.
  path: Assets/2D assets
  artifactKey: Guid(fe6aaf61cc0a14a9fb3e1cb3e7ed2a07) Importer(815301076,1909f56bfc062723c751e8b465ee728b)
Start importing Assets/2D assets using Guid(fe6aaf61cc0a14a9fb3e1cb3e7ed2a07) Importer(815301076,1909f56bfc062723c751e8b465ee728b)  -> (artifact id: '039f896993b9d028d415ae2da679b8c2') in 0.027633 seconds 
  Import took 0.042159 seconds .

========================================================================
Received Import Request.
  Time since last request: 89.109797 seconds.
  path: Assets/2D assets/logo2.PNG
  artifactKey: Guid(5bdbf54d5dc86487d8cfb60ad1bbaa0e) Importer(815301076,1909f56bfc062723c751e8b465ee728b)
Start importing Assets/2D assets/logo2.PNG using Guid(5bdbf54d5dc86487d8cfb60ad1bbaa0e) Importer(815301076,1909f56bfc062723c751e8b465ee728b)  -> (artifact id: 'e7cc6ea5e1d486c232edffe46962d932') in 0.553883 seconds 
  Import took 0.570889 seconds .

========================================================================
Received Import Request.
  Time since last request: 4.186911 seconds.
  path: Assets/2D assets/logo2.PNG
  artifactKey: Guid(5bdbf54d5dc86487d8cfb60ad1bbaa0e) Importer(815301076,1909f56bfc062723c751e8b465ee728b)
Start importing Assets/2D assets/logo2.PNG using Guid(5bdbf54d5dc86487d8cfb60ad1bbaa0e) Importer(815301076,1909f56bfc062723c751e8b465ee728b)  -> (artifact id: 'ba4399c712f5911b20fe544d509c1857') in 0.084039 seconds 
  Import took 0.089743 seconds .

========================================================================
Received Import Request.
  Time since last request: 176.963679 seconds.
  path: Assets/2D assets/UI/Ui 4th april/ArrowL.PNG
  artifactKey: Guid(6e00e93cd231f4498ba6076a182ee933) Importer(815301076,1909f56bfc062723c751e8b465ee728b)
Start importing Assets/2D assets/UI/Ui 4th april/ArrowL.PNG using Guid(6e00e93cd231f4498ba6076a182ee933) Importer(815301076,1909f56bfc062723c751e8b465ee728b)  -> (artifact id: '778e90e592e4939aec5f61fa2ed00907') in 0.018906 seconds 
  Import took 0.023606 seconds .

========================================================================
Received Import Request.
  Time since last request: 0.000253 seconds.
  path: Assets/2D assets/UI/Ui 4th april/ArrowUp.PNG
  artifactKey: Guid(ad35665af13b64bdba35c8098c422bfe) Importer(815301076,1909f56bfc062723c751e8b465ee728b)
Start importing Assets/2D assets/UI/Ui 4th april/ArrowUp.PNG using Guid(ad35665af13b64bdba35c8098c422bfe) Importer(815301076,1909f56bfc062723c751e8b465ee728b)  -> (artifact id: '64879c8e22ff69cbbf114d57c1822623') in 0.014941 seconds 
  Import took 0.020327 seconds .

========================================================================
Received Import Request.
  Time since last request: 0.000217 seconds.
  path: Assets/2D assets/UI/Ui 4th april/ArrowL2.PNG
  artifactKey: Guid(8c1a0ced37b304c33bd0fffb40cb521d) Importer(815301076,1909f56bfc062723c751e8b465ee728b)
Start importing Assets/2D assets/UI/Ui 4th april/ArrowL2.PNG using Guid(8c1a0ced37b304c33bd0fffb40cb521d) Importer(815301076,1909f56bfc062723c751e8b465ee728b)  -> (artifact id: '5922f3c020040ef1dad8e458b70c6737') in 0.015017 seconds 
  Import took 0.020243 seconds .

========================================================================
Received Import Request.
  Time since last request: 0.000263 seconds.
  path: Assets/2D assets/UI/Ui 4th april/BackArrow.PNG
  artifactKey: Guid(baa2ec9f3274147dd90e8d044f2605a9) Importer(815301076,1909f56bfc062723c751e8b465ee728b)
Start importing Assets/2D assets/UI/Ui 4th april/BackArrow.PNG using Guid(baa2ec9f3274147dd90e8d044f2605a9) Importer(815301076,1909f56bfc062723c751e8b465ee728b)  -> (artifact id: '285b805872d4c19054552c21958e583d') in 0.014548 seconds 
  Import took 0.018877 seconds .

========================================================================
Received Import Request.
  Time since last request: 0.000250 seconds.
  path: Assets/2D assets/UI/Ui 4th april/BackArrow2.PNG
  artifactKey: Guid(075e0be9995b24e5499dd57f57918481) Importer(815301076,1909f56bfc062723c751e8b465ee728b)
Start importing Assets/2D assets/UI/Ui 4th april/BackArrow2.PNG using Guid(075e0be9995b24e5499dd57f57918481) Importer(815301076,1909f56bfc062723c751e8b465ee728b)  -> (artifact id: 'a72d0cda18e613038ab225654277a73c') in 0.011990 seconds 
  Import took 0.017400 seconds .

========================================================================
Received Import Request.
  Time since last request: 1.367785 seconds.
  path: Assets/2D assets/UI/ball.PNG
  artifactKey: Guid(59fc048ea72d14ab8a0e78f4938932d0) Importer(815301076,1909f56bfc062723c751e8b465ee728b)
Start importing Assets/2D assets/UI/ball.PNG using Guid(59fc048ea72d14ab8a0e78f4938932d0) Importer(815301076,1909f56bfc062723c751e8b465ee728b)  -> (artifact id: '6185e77866b490f9ef454dfc1c1f745c') in 0.028878 seconds 
  Import took 0.039001 seconds .

========================================================================
Received Import Request.
  Time since last request: 0.000275 seconds.
  path: Assets/2D assets/UI/ball01.PNG
  artifactKey: Guid(5445acb0cb6624cf49e4fd61cfc22508) Importer(815301076,1909f56bfc062723c751e8b465ee728b)
Start importing Assets/2D assets/UI/ball01.PNG using Guid(5445acb0cb6624cf49e4fd61cfc22508) Importer(815301076,1909f56bfc062723c751e8b465ee728b)  -> (artifact id: '419e7da6a284c61eb623d610d033cbd1') in 0.016677 seconds 
  Import took 0.021107 seconds .

========================================================================
Received Import Request.
  Time since last request: 1.971963 seconds.
  path: Assets/2D assets/UI/lock.png
  artifactKey: Guid(1260b34acc2c6479b94797488200adfc) Importer(815301076,1909f56bfc062723c751e8b465ee728b)
Start importing Assets/2D assets/UI/lock.png using Guid(1260b34acc2c6479b94797488200adfc) Importer(815301076,1909f56bfc062723c751e8b465ee728b)  -> (artifact id: '9588cdff4f7bb78ce2902fa16af3aa25') in 0.409008 seconds 
  Import took 0.417458 seconds .

========================================================================
Received Import Request.
  Time since last request: 0.000187 seconds.
  path: Assets/2D assets/Old/Rectangle 204 (1).png
  artifactKey: Guid(71c778347fad1433c92b712fe691975d) Importer(815301076,1909f56bfc062723c751e8b465ee728b)
Start importing Assets/2D assets/Old/Rectangle 204 (1).png using Guid(71c778347fad1433c92b712fe691975d) Importer(815301076,1909f56bfc062723c751e8b465ee728b)  -> (artifact id: 'f211e0784ad345df84ae2efbc1cda15d') in 0.012806 seconds 
  Import took 0.016940 seconds .

========================================================================
Received Import Request.
  Time since last request: 0.000180 seconds.
  path: Assets/2D assets/Old/Rectangle 204 (2).png
  artifactKey: Guid(d141cf42f6abe4ad0a98cb27c42248af) Importer(815301076,1909f56bfc062723c751e8b465ee728b)
Start importing Assets/2D assets/Old/Rectangle 204 (2).png using Guid(d141cf42f6abe4ad0a98cb27c42248af) Importer(815301076,1909f56bfc062723c751e8b465ee728b)  -> (artifact id: 'd8c3b5c6b1ff5a9eea027c4c59f43bb1') in 0.013390 seconds 
  Import took 0.017393 seconds .

========================================================================
Received Import Request.
  Time since last request: 0.000198 seconds.
  path: Assets/2D assets/UI/Ui 4th april/LockNew.PNG
  artifactKey: Guid(28268d9ecd2dd46ec8c4470030bb88ef) Importer(815301076,1909f56bfc062723c751e8b465ee728b)
Start importing Assets/2D assets/UI/Ui 4th april/LockNew.PNG using Guid(28268d9ecd2dd46ec8c4470030bb88ef) Importer(815301076,1909f56bfc062723c751e8b465ee728b)  -> (artifact id: '196cb00f1a3722bed5d975f506d6b17e') in 0.012566 seconds 
  Import took 0.016188 seconds .

========================================================================
Received Import Request.
  Time since last request: 0.000252 seconds.
  path: Assets/2D assets/UI/PlayButton.PNG
  artifactKey: Guid(ddf56d206c1ed458ea06fc5d4bfc6c99) Importer(815301076,1909f56bfc062723c751e8b465ee728b)
Start importing Assets/2D assets/UI/PlayButton.PNG using Guid(ddf56d206c1ed458ea06fc5d4bfc6c99) Importer(815301076,1909f56bfc062723c751e8b465ee728b)  -> (artifact id: '9e7e0e3ba08f0a77a7d751ee48156425') in 0.012104 seconds 
  Import took 0.016424 seconds .

========================================================================
Received Import Request.
  Time since last request: 0.000234 seconds.
  path: Assets/2D assets/Old/Rectangle 192.png
  artifactKey: Guid(d8bb411c8c0324fd1bc5866a7e5a31bc) Importer(815301076,1909f56bfc062723c751e8b465ee728b)
Start importing Assets/2D assets/Old/Rectangle 192.png using Guid(d8bb411c8c0324fd1bc5866a7e5a31bc) Importer(815301076,1909f56bfc062723c751e8b465ee728b)  -> (artifact id: '3f435000b7787696cedec0ff9bf35928') in 0.008588 seconds 
  Import took 0.011897 seconds .

========================================================================
Received Import Request.
  Time since last request: 0.000264 seconds.
  path: Assets/2D assets/Old/shadow.png
  artifactKey: Guid(335f8286481f64e74b8eccc73ece63d1) Importer(815301076,1909f56bfc062723c751e8b465ee728b)
Start importing Assets/2D assets/Old/shadow.png using Guid(335f8286481f64e74b8eccc73ece63d1) Importer(815301076,1909f56bfc062723c751e8b465ee728b)  -> (artifact id: 'de94080e26da279171fd6fc23fa480d4') in 0.009705 seconds 
  Import took 0.013337 seconds .

========================================================================
Received Import Request.
  Time since last request: 0.000221 seconds.
  path: Assets/2D assets/UI/logo-name.PNG
  artifactKey: Guid(d414c53122818455a949664b5d866b49) Importer(815301076,1909f56bfc062723c751e8b465ee728b)
Start importing Assets/2D assets/UI/logo-name.PNG using Guid(d414c53122818455a949664b5d866b49) Importer(815301076,1909f56bfc062723c751e8b465ee728b)  -> (artifact id: 'caa59c5cabd04f495d9383844cbae139') in 0.012576 seconds 
  Import took 0.016315 seconds .

========================================================================
Received Import Request.
  Time since last request: 0.000262 seconds.
  path: Assets/2D assets/Old/Rectangle 203.png
  artifactKey: Guid(d0c09c23f439940349b8ef1e73e8f2f8) Importer(815301076,1909f56bfc062723c751e8b465ee728b)
Start importing Assets/2D assets/Old/Rectangle 203.png using Guid(d0c09c23f439940349b8ef1e73e8f2f8) Importer(815301076,1909f56bfc062723c751e8b465ee728b)  -> (artifact id: 'a8fdd01710f81117a1d9ae995e858404') in 0.008863 seconds 
  Import took 0.012279 seconds .

========================================================================
Received Import Request.
  Time since last request: 0.000285 seconds.
  path: Assets/2D assets/UI/logo-white.PNG
  artifactKey: Guid(26c4d9cc53d0f422991c16a63403f15e) Importer(815301076,1909f56bfc062723c751e8b465ee728b)
Start importing Assets/2D assets/UI/logo-white.PNG using Guid(26c4d9cc53d0f422991c16a63403f15e) Importer(815301076,1909f56bfc062723c751e8b465ee728b)  -> (artifact id: '86ee320dcbff814203434f6c114d919e') in 0.009408 seconds 
  Import took 0.012651 seconds .

========================================================================
Received Import Request.
  Time since last request: 0.000263 seconds.
  path: Assets/2D assets/UI/sound0ff.PNG
  artifactKey: Guid(38ec611a3ac11422a8a365ef2e8cb859) Importer(815301076,1909f56bfc062723c751e8b465ee728b)
Start importing Assets/2D assets/UI/sound0ff.PNG using Guid(38ec611a3ac11422a8a365ef2e8cb859) Importer(815301076,1909f56bfc062723c751e8b465ee728b)  -> (artifact id: '93e28a2646490d60de517c4e70d96f36') in 0.009104 seconds 
  Import took 0.012161 seconds .

========================================================================
Received Import Request.
  Time since last request: 0.000239 seconds.
  path: Assets/2D assets/UI/soundon.PNG
  artifactKey: Guid(97223cfc396ea4b5cb23ff8286f20ae9) Importer(815301076,1909f56bfc062723c751e8b465ee728b)
Start importing Assets/2D assets/UI/soundon.PNG using Guid(97223cfc396ea4b5cb23ff8286f20ae9) Importer(815301076,1909f56bfc062723c751e8b465ee728b)  -> (artifact id: 'b4d20b1d20d1d8127632f96919e7e15c') in 0.009737 seconds 
  Import took 0.012783 seconds .

========================================================================
Received Import Request.
  Time since last request: 0.000195 seconds.
  path: Assets/2D assets/UI/logo_01.PNG
  artifactKey: Guid(dfb83c5da7ea44af385d8e7cbb08eb62) Importer(815301076,1909f56bfc062723c751e8b465ee728b)
Start importing Assets/2D assets/UI/logo_01.PNG using Guid(dfb83c5da7ea44af385d8e7cbb08eb62) Importer(815301076,1909f56bfc062723c751e8b465ee728b)  -> (artifact id: 'b91abd4f4108d1ccebc36c9f57b57522') in 0.010119 seconds 
  Import took 0.013403 seconds .

========================================================================
Received Import Request.
  Time since last request: 0.000203 seconds.
  path: Assets/2D assets/UI/NoAds.PNG
  artifactKey: Guid(34a2be40c4c8f4482a854d0de0b6ca28) Importer(815301076,1909f56bfc062723c751e8b465ee728b)
Start importing Assets/2D assets/UI/NoAds.PNG using Guid(34a2be40c4c8f4482a854d0de0b6ca28) Importer(815301076,1909f56bfc062723c751e8b465ee728b)  -> (artifact id: '21bfa3d73f6974b43edf80479aef0f6c') in 0.012096 seconds 
  Import took 0.015447 seconds .

========================================================================
Received Import Request.
  Time since last request: 0.000297 seconds.
  path: Assets/2D assets/Old/Rectangle 204.png
  artifactKey: Guid(ee35e2a1bf4c94eeba0d6a6b2770cf76) Importer(815301076,1909f56bfc062723c751e8b465ee728b)
Start importing Assets/2D assets/Old/Rectangle 204.png using Guid(ee35e2a1bf4c94eeba0d6a6b2770cf76) Importer(815301076,1909f56bfc062723c751e8b465ee728b)  -> (artifact id: '255f0799d5f7519a67a2170130eae537') in 0.009016 seconds 
  Import took 0.012427 seconds .

========================================================================
Received Import Request.
  Time since last request: 0.000205 seconds.
  path: Assets/2D assets/UI/shareUi.PNG
  artifactKey: Guid(f4578a0d13b8b4a009ab8886950d98de) Importer(815301076,1909f56bfc062723c751e8b465ee728b)
Start importing Assets/2D assets/UI/shareUi.PNG using Guid(f4578a0d13b8b4a009ab8886950d98de) Importer(815301076,1909f56bfc062723c751e8b465ee728b)  -> (artifact id: 'e04297a7bb383491a95f163b1456bd41') in 0.011769 seconds 
  Import took 0.014759 seconds .

========================================================================
Received Import Request.
  Time since last request: 0.000267 seconds.
  path: Assets/2D assets/UI/Ui 4th april/PatternBg.PNG
  artifactKey: Guid(2a15f237501e74cf7be26be0de7c6e64) Importer(815301076,1909f56bfc062723c751e8b465ee728b)
Start importing Assets/2D assets/UI/Ui 4th april/PatternBg.PNG using Guid(2a15f237501e74cf7be26be0de7c6e64) Importer(815301076,1909f56bfc062723c751e8b465ee728b)  -> (artifact id: '05b02c043341b475d0b5b8ced9493e30') in 0.013431 seconds 
  Import took 0.016797 seconds .

========================================================================
Received Import Request.
  Time since last request: 0.000390 seconds.
  path: Assets/2D assets/UI/logo-name1.PNG
  artifactKey: Guid(a354bba5f6844484193ed83ed82ae8c1) Importer(815301076,1909f56bfc062723c751e8b465ee728b)
Start importing Assets/2D assets/UI/logo-name1.PNG using Guid(a354bba5f6844484193ed83ed82ae8c1) Importer(815301076,1909f56bfc062723c751e8b465ee728b)  -> (artifact id: 'c8c5652268b2b274de2895d480dfb92f') in 0.012223 seconds 
  Import took 0.015378 seconds .

========================================================================
Received Import Request.
  Time since last request: 0.000238 seconds.
  path: Assets/BumpNBoop/UI/Pause Button.tif
  artifactKey: Guid(3918ef41264304ac2b67ff2ee86aca33) Importer(815301076,1909f56bfc062723c751e8b465ee728b)
Start importing Assets/BumpNBoop/UI/Pause Button.tif using Guid(3918ef41264304ac2b67ff2ee86aca33) Importer(815301076,1909f56bfc062723c751e8b465ee728b)  -> (artifact id: '9fff4b0fde6081c5f8e3ca74ef99ab11') in 0.010944 seconds 
  Import took 0.014120 seconds .

========================================================================
Received Import Request.
  Time since last request: 0.000197 seconds.
  path: Assets/2D assets/Old/Rectangle 193.png
  artifactKey: Guid(5ac101e204b1147388942ef694a1007b) Importer(815301076,1909f56bfc062723c751e8b465ee728b)
Start importing Assets/2D assets/Old/Rectangle 193.png using Guid(5ac101e204b1147388942ef694a1007b) Importer(815301076,1909f56bfc062723c751e8b465ee728b)  -> (artifact id: 'ce5ae30e43178f528a1be66c818e8f08') in 0.008987 seconds 
  Import took 0.012243 seconds .

========================================================================
Received Import Request.
  Time since last request: 0.000199 seconds.
  path: Assets/2D assets/Old/settings 1.png
  artifactKey: Guid(d39ecd0d9c9ce4c24b571cb5dc70b735) Importer(815301076,1909f56bfc062723c751e8b465ee728b)
Start importing Assets/2D assets/Old/settings 1.png using Guid(d39ecd0d9c9ce4c24b571cb5dc70b735) Importer(815301076,1909f56bfc062723c751e8b465ee728b)  -> (artifact id: 'f643572a0ba39319c16615c5148589f6') in 0.008688 seconds 
  Import took 0.011599 seconds .

========================================================================
Received Import Request.
  Time since last request: 2.491017 seconds.
  path: Assets/2D assets/UI/vibOff.PNG
  artifactKey: Guid(55e60bd15704544cd81c1707ae6e2c01) Importer(815301076,1909f56bfc062723c751e8b465ee728b)
Start importing Assets/2D assets/UI/vibOff.PNG using Guid(55e60bd15704544cd81c1707ae6e2c01) Importer(815301076,1909f56bfc062723c751e8b465ee728b)  -> (artifact id: 'e956658196799e9a848735602b9309a1') in 0.024123 seconds 
  Import took 0.030967 seconds .

========================================================================
Received Import Request.
  Time since last request: 0.000239 seconds.
  path: Assets/2D assets/UI/Ui 4th april/vibrateNew.PNG
  artifactKey: Guid(d01d5bf08f99b4916b7c3da55a947e47) Importer(815301076,1909f56bfc062723c751e8b465ee728b)
Start importing Assets/2D assets/UI/Ui 4th april/vibrateNew.PNG using Guid(d01d5bf08f99b4916b7c3da55a947e47) Importer(815301076,1909f56bfc062723c751e8b465ee728b)  -> (artifact id: '0852c86aa1a4a143ba105d01e9ad0408') in 0.017535 seconds 
  Import took 0.022215 seconds .

========================================================================
Received Prepare
Refreshing native plugins compatible for Editor in 27.20 ms, found 2 plugins.
Preloading 0 native plugins for Editor in 0.00 ms.
Unloading 126 Unused Serialized files (Serialized files now loaded: 0)
System memory in use before: 219.2 MB.
System memory in use after: 219.4 MB.

Unloading 125 unused Assets to reduce memory usage. Loaded Objects now: 3044.
Total: 10.869292 ms (FindLiveObjects: 0.209042 ms CreateObjectMapping: 0.052667 ms MarkObjects: 10.561541 ms  DeleteObjects: 0.045375 ms)

AssetImportParameters requested are different than current active one (requested -> active):
  custom:video-decoder-ogg-theora: a1e56fd34408186e4bbccfd4996cb3dc -> 
  custom:container-muxer-webm: aa71ff27fc2769a1b78a27578f13a17b -> 
  custom:container-demuxer-webm: 4f35f7cbe854078d1ac9338744f61a02 -> 
  custom:container-demuxer-ogg: 62fdf1f143b41e24485cea50d1cbac27 -> 
  custom:video-encoder-webm-vp8: eb34c28f22e8b96e1ab97ce403110664 -> 
  custom:framework-osx-AVFoundation: e770b220cccbd017edd2c1fefb359320 -> 
  custom:video-decoder-webm-vp8: 9c59270c3fd7afecdb556c50c9e8de78 -> 
  custom:audio-decoder-ogg-vorbis: bf7c407c2cedff20999df2af8eb42d56 -> 
  custom:audio-encoder-webm-vorbis: bf7c407c2cedff20999df2af8eb42d56 -> 
